<?xml version="1.0" encoding="UTF-8"?>
<testsuite xmlns:xsi="http://www.w3.org/2001/XMLSchema-instance" xsi:noNamespaceSchemaLocation="https://maven.apache.org/surefire/maven-surefire-plugin/xsd/surefire-test-report-3.0.xsd" version="3.0" name="projetointegrador.DigitalHouse.DigitalHouseApplicationTests" time="9.44" tests="1" errors="0" skipped="0" failures="0">
  <properties>
[...]
</properties>
  <testcase name="contextLoads" classname="projetointegrador.DigitalHouse.DigitalHouseApplicationTests" time="0.371">
    <system-out><![CDATA[17:07:34.337 [main] INFO org.springframework.test.context.support.AnnotationConfigContextLoaderUtils -- Could not detect default configuration classes for test class [projetointegrador.DigitalHouse.DigitalHouseApplicationTests]: DigitalHouseApplicationTests does not declare any static, non-private, non-final, nested classes annotated with @Configuration.
17:07:34.397 [main] INFO org.springframework.boot.test.context.SpringBootTestContextBootstrapper -- Found @SpringBootConfiguration projetointegrador.DigitalHouse.DigitalHouseApplication for test class projetointegrador.DigitalHouse.DigitalHouseApplicationTests

  .   ____          _            __ _ _
 /\\ / ___'_ __ _ _(_)_ __  __ _ \ \ \ \
( ( )\___ | '_ | '_| | '_ \/ _` | \ \ \ \
 \\/  ___)| |_)| | | | | || (_| |  ) ) ) )
  '  |____| .__|_| |_|_| |_\__, | / / / /
 =========|_|==============|___/=/_/_/_/
 :: Spring Boot ::                (v3.1.5)

2023-11-03T17:07:34.599-03:00  INFO 76019 --- [           main] p.D.DigitalHouseApplicationTests         : Starting DigitalHouseApplicationTests using Java 17.0.9 with PID 76019 (started by charlim in /home/charlim/dev/dh/projeto-integrador)
2023-11-03T17:07:34.600-03:00  INFO 76019 --- [           main] p.D.DigitalHouseApplicationTests         : No active profile set, falling back to 1 default profile: "default"
2023-11-03T17:07:34.883-03:00  INFO 76019 --- [           main] .s.d.r.c.RepositoryConfigurationDelegate : Bootstrapping Spring Data JPA repositories in DEFAULT mode.
2023-11-03T17:07:34.911-03:00  INFO 76019 --- [           main] .s.d.r.c.RepositoryConfigurationDelegate : Finished Spring Data repository scanning in 24 ms. Found 2 JPA repository interfaces.
2023-11-03T17:07:35.130-03:00  INFO 76019 --- [           main] o.hibernate.jpa.internal.util.LogHelper  : HHH000204: Processing PersistenceUnitInfo [name: default]
2023-11-03T17:07:35.154-03:00  INFO 76019 --- [           main] org.hibernate.Version                    : HHH000412: Hibernate ORM core version 6.2.13.Final
2023-11-03T17:07:35.155-03:00  INFO 76019 --- [           main] org.hibernate.cfg.Environment            : HHH000406: Using bytecode reflection optimizer
2023-11-03T17:07:35.297-03:00  INFO 76019 --- [           main] o.s.o.j.p.SpringPersistenceUnitInfo      : No LoadTimeWeaver setup: ignoring JPA class transformer
2023-11-03T17:07:35.317-03:00  INFO 76019 --- [           main] com.zaxxer.hikari.HikariDataSource       : HikariPool-1 - Starting...
2023-11-03T17:07:37.350-03:00  INFO 76019 --- [           main] com.zaxxer.hikari.pool.HikariPool        : HikariPool-1 - Added connection org.postgresql.jdbc.PgConnection@3df77dfa
2023-11-03T17:07:37.352-03:00  INFO 76019 --- [           main] com.zaxxer.hikari.HikariDataSource       : HikariPool-1 - Start completed.
2023-11-03T17:07:38.651-03:00  INFO 76019 --- [           main] o.h.e.t.j.p.i.JtaPlatformInitiator       : HHH000489: No JTA platform available (set 'hibernate.transaction.jta.platform' to enable JTA platform integration)
2023-11-03T17:07:42.866-03:00  INFO 76019 --- [           main] j.LocalContainerEntityManagerFactoryBean : Initialized JPA EntityManagerFactory for persistence unit 'default'
2023-11-03T17:07:43.100-03:00  WARN 76019 --- [           main] JpaBaseConfiguration$JpaWebConfiguration : spring.jpa.open-in-view is enabled by default. Therefore, database queries may be performed during view rendering. Explicitly configure spring.jpa.open-in-view to disable this warning
2023-11-03T17:07:43.292-03:00  INFO 76019 --- [           main] p.D.DigitalHouseApplicationTests         : Started DigitalHouseApplicationTests in 8.82 seconds (process running for 9.44)
]]></system-out>
  </testcase>
</testsuite>